<?xml version="1.0" encoding="UTF-8"?>
<testsuite name="MainTest" tests="1" skipped="0" failures="0" errors="0" timestamp="2022-11-22T00:02:24" hostname="MMB030462CPS.local" time="0.082">
  <properties/>
  <testcase name="Testa os cenarios da portaria" classname="MainTest" time="0.082"/>
  <system-out><![CDATA[]]></system-out>
  <system-err><![CDATA[]]></system-err>
</testsuite>
